#
# A fatal error has been detected by the Java Runtime Environment:
#
#  EXCEPTION_ACCESS_VIOLATION (0xc0000005) at pc=0x00007ffd7186b9eb, pid=10244, tid=15228
#
# JRE version: Java(TM) SE Runtime Environment 18.9 (11.0.11+9) (build 11.0.11+9-LTS-194)
# Java VM: Java HotSpot(TM) 64-Bit Server VM 18.9 (11.0.11+9-LTS-194, mixed mode, tiered, compressed oops, g1 gc, windows-amd64)
# Problematic frame:
# V  [jvm.dll+0x6eb9eb]
#
# No core dump will be written. Minidumps are not enabled by default on client versions of Windows
#
# If you would like to submit a bug report, please visit:
#   https://bugreport.java.com/bugreport/crash.jsp
#

---------------  S U M M A R Y ------------

Command Line: -ea -Didea.test.cyclic.buffer.size=1048576 -javaagent:C:\Program Files\JetBrains\IntelliJ IDEA 2021.2\lib\idea_rt.jar=60466:C:\Program Files\JetBrains\IntelliJ IDEA 2021.2\bin -Dfile.encoding=UTF-8 com.intellij.rt.junit.JUnitStarter -ideVersion5 -junit5 ru.garant21.products.tests.ControllerTest,getProductTest

Host: Intel(R) Core(TM) i5-2410M CPU @ 2.30GHz, 4 cores, 5G,  Windows 10 , 64 bit Build 19041 (10.0.19041.1151)
Time: Tue Sep  7 22:03:08 2021 RTZ 2 (зима) elapsed time: 31.913851 seconds (0d 0h 0m 31s)

---------------  T H R E A D  ---------------

Current thread (0x000001b9aa4ad800):  JavaThread "main" [_thread_in_vm, id=15228, stack(0x0000004348400000,0x0000004348500000)]

Stack: [0x0000004348400000,0x0000004348500000],  sp=0x00000043484fa110,  free space=1000k
Native frames: (J=compiled Java code, j=interpreted, Vv=VM code, C=native code)
V  [jvm.dll+0x6eb9eb]
V  [jvm.dll+0x6eb933]
V  [jvm.dll+0x23ccae]
V  [jvm.dll+0x23cef2]
V  [jvm.dll+0x50c383]
V  [jvm.dll+0x50e654]
V  [jvm.dll+0x3631be]
V  [jvm.dll+0x362da4]
C  0x000001b9b28dc9f4

Java frames: (J=compiled Java code, j=interpreted, Vv=VM code)
j  org.springframework.boot.autoconfigure.web.servlet.HttpEncodingAutoConfiguration.<init>(Lorg/springframework/boot/autoconfigure/web/ServerProperties;)V+12
v  ~StubRoutines::call_stub
J 1208  jdk.internal.reflect.NativeConstructorAccessorImpl.newInstance0(Ljava/lang/reflect/Constructor;[Ljava/lang/Object;)Ljava/lang/Object; java.base@11.0.11 (0 bytes) @ 0x000001b9ba3ea926 [0x000001b9ba3ea8c0+0x0000000000000066]
J 1207 c1 jdk.internal.reflect.NativeConstructorAccessorImpl.newInstance([Ljava/lang/Object;)Ljava/lang/Object; java.base@11.0.11 (89 bytes) @ 0x000001b9b309dc3c [0x000001b9b309d0c0+0x0000000000000b7c]
J 1361 c1 jdk.internal.reflect.DelegatingConstructorAccessorImpl.newInstance([Ljava/lang/Object;)Ljava/lang/Object; java.base@11.0.11 (9 bytes) @ 0x000001b9b30f723c [0x000001b9b30f7140+0x00000000000000fc]
J 3258 c1 org.springframework.beans.BeanUtils.instantiateClass(Ljava/lang/reflect/Constructor;[Ljava/lang/Object;)Ljava/lang/Object; (187 bytes) @ 0x000001b9b3555104 [0x000001b9b3554520+0x0000000000000be4]
j  org.springframework.beans.factory.support.SimpleInstantiationStrategy.instantiate(Lorg/springframework/beans/factory/support/RootBeanDefinition;Ljava/lang/String;Lorg/springframework/beans/factory/BeanFactory;Ljava/lang/reflect/Constructor;[Ljava/lang/Object;)Ljava/lang/Object;+28
j  org.springframework.beans.factory.support.ConstructorResolver.instantiate(Ljava/lang/String;Lorg/springframework/beans/factory/support/RootBeanDefinition;Ljava/lang/reflect/Constructor;[Ljava/lang/Object;)Ljava/lang/Object;+50
j  org.springframework.beans.factory.support.ConstructorResolver.autowireConstructor(Ljava/lang/String;Lorg/springframework/beans/factory/support/RootBeanDefinition;[Ljava/lang/reflect/Constructor;[Ljava/lang/Object;)Lorg/springframework/beans/BeanWrapper;+982
j  org.springframework.beans.factory.support.AbstractAutowireCapableBeanFactory.autowireConstructor(Ljava/lang/String;Lorg/springframework/beans/factory/support/RootBeanDefinition;[Ljava/lang/reflect/Constructor;[Ljava/lang/Object;)Lorg/springframework/beans/BeanWrapper;+13
j  org.springframework.beans.factory.support.AbstractAutowireCapableBeanFactory.createBeanInstance(Ljava/lang/String;Lorg/springframework/beans/factory/support/RootBeanDefinition;[Ljava/lang/Object;)Lorg/springframework/beans/BeanWrapper;+222
j  org.springframework.beans.factory.support.AbstractAutowireCapableBeanFactory.doCreateBean(Ljava/lang/String;Lorg/springframework/beans/factory/support/RootBeanDefinition;[Ljava/lang/Object;)Ljava/lang/Object;+34
j  org.springframework.beans.factory.support.AbstractAutowireCapableBeanFactory.createBean(Ljava/lang/String;Lorg/springframework/beans/factory/support/RootBeanDefinition;[Ljava/lang/Object;)Ljava/lang/Object;+169
j  org.springframework.beans.factory.support.AbstractBeanFactory.lambda$doGetBean$0(Ljava/lang/String;Lorg/springframework/beans/factory/support/RootBeanDefinition;[Ljava/lang/Object;)Ljava/lang/Object;+4
j  org.springframework.beans.factory.support.AbstractBeanFactory$$Lambda$564.getObject()Ljava/lang/Object;+16
j  org.springframework.beans.factory.support.DefaultSingletonBeanRegistry.getSingleton(Ljava/lang/String;Lorg/springframework/beans/factory/ObjectFactory;)Ljava/lang/Object;+132
J 3354 c1 org.springframework.beans.factory.support.AbstractBeanFactory.doGetBean(Ljava/lang/String;Ljava/lang/Class;[Ljava/lang/Object;Z)Ljava/lang/Object; (832 bytes) @ 0x000001b9b35b415c [0x000001b9b35b2420+0x0000000000001d3c]
j  org.springframework.beans.factory.support.AbstractBeanFactory.getBean(Ljava/lang/String;)Ljava/lang/Object;+5
j  org.springframework.beans.factory.support.ConstructorResolver.instantiateUsingFactoryMethod(Ljava/lang/String;Lorg/springframework/beans/factory/support/RootBeanDefinition;[Ljava/lang/Object;)Lorg/springframework/beans/BeanWrapper;+59
j  org.springframework.beans.factory.support.AbstractAutowireCapableBeanFactory.instantiateUsingFactoryMethod(Ljava/lang/String;Lorg/springframework/beans/factory/support/RootBeanDefinition;[Ljava/lang/Object;)Lorg/springframework/beans/BeanWrapper;+11
j  org.springframework.beans.factory.support.AbstractAutowireCapableBeanFactory.createBeanInstance(Ljava/lang/String;Lorg/springframework/beans/factory/support/RootBeanDefinition;[Ljava/lang/Object;)Lorg/springframework/beans/BeanWrapper;+102
j  org.springframework.beans.factory.support.AbstractAutowireCapableBeanFactory.doCreateBean(Ljava/lang/String;Lorg/springframework/beans/factory/support/RootBeanDefinition;[Ljava/lang/Object;)Ljava/lang/Object;+34
j  org.springframework.beans.factory.support.AbstractAutowireCapableBeanFactory.createBean(Ljava/lang/String;Lorg/springframework/beans/factory/support/RootBeanDefinition;[Ljava/lang/Object;)Ljava/lang/Object;+169
j  org.springframework.beans.factory.support.AbstractBeanFactory.lambda$doGetBean$0(Ljava/lang/String;Lorg/springframework/beans/factory/support/RootBeanDefinition;[Ljava/lang/Object;)Ljava/lang/Object;+4
j  org.springframework.beans.factory.support.AbstractBeanFactory$$Lambda$564.getObject()Ljava/lang/Object;+16
j  org.springframework.beans.factory.support.DefaultSingletonBeanRegistry.getSingleton(Ljava/lang/String;Lorg/springframework/beans/factory/ObjectFactory;)Ljava/lang/Object;+132
J 3354 c1 org.springframework.beans.factory.support.AbstractBeanFactory.doGetBean(Ljava/lang/String;Ljava/lang/Class;[Ljava/lang/Object;Z)Ljava/lang/Object; (832 bytes) @ 0x000001b9b35b415c [0x000001b9b35b2420+0x0000000000001d3c]
j  org.springframework.beans.factory.support.AbstractBeanFactory.getBean(Ljava/lang/String;)Ljava/lang/Object;+5
j  org.springframework.beans.factory.support.DefaultListableBeanFactory.getBeansOfType(Ljava/lang/Class;ZZ)Ljava/util/Map;+46
j  org.springframework.boot.web.server.WebServerFactoryCustomizerBeanPostProcessor.getWebServerFactoryCustomizerBeans()Ljava/util/Collection;+8
j  org.springframework.boot.web.server.WebServerFactoryCustomizerBeanPostProcessor.getCustomizers()Ljava/util/Collection;+13
j  org.springframework.boot.web.server.WebServerFactoryCustomizerBeanPostProcessor.postProcessBeforeInitialization(Lorg/springframework/boot/web/server/WebServerFactory;)V+3
j  org.springframework.boot.web.server.WebServerFactoryCustomizerBeanPostProcessor.postProcessBeforeInitialization(Ljava/lang/Object;Ljava/lang/String;)Ljava/lang/Object;+12
J 5971 c1 org.springframework.beans.factory.support.AbstractAutowireCapableBeanFactory.applyBeanPostProcessorsBeforeInitialization(Ljava/lang/Object;Ljava/lang/String;)Ljava/lang/Object; (61 bytes) @ 0x000001b9b3bb9d84 [0x000001b9b3bb9980+0x0000000000000404]
j  org.springframework.beans.factory.support.AbstractAutowireCapableBeanFactory.initializeBean(Ljava/lang/String;Ljava/lang/Object;Lorg/springframework/beans/factory/support/RootBeanDefinition;)Ljava/lang/Object;+49
j  org.springframework.beans.factory.support.AbstractAutowireCapableBeanFactory.doCreateBean(Ljava/lang/String;Lorg/springframework/beans/factory/support/RootBeanDefinition;[Ljava/lang/Object;)Ljava/lang/Object;+245
j  org.springframework.beans.factory.support.AbstractAutowireCapableBeanFactory.createBean(Ljava/lang/String;Lorg/springframework/beans/factory/support/RootBeanDefinition;[Ljava/lang/Object;)Ljava/lang/Object;+169
j  org.springframework.beans.factory.support.AbstractBeanFactory.lambda$doGetBean$0(Ljava/lang/String;Lorg/springframework/beans/factory/support/RootBeanDefinition;[Ljava/lang/Object;)Ljava/lang/Object;+4
j  org.springframework.beans.factory.support.AbstractBeanFactory$$Lambda$564.getObject()Ljava/lang/Object;+16
j  org.springframework.beans.factory.support.DefaultSingletonBeanRegistry.getSingleton(Ljava/lang/String;Lorg/springframework/beans/factory/ObjectFactory;)Ljava/lang/Object;+132
J 3354 c1 org.springframework.beans.factory.support.AbstractBeanFactory.doGetBean(Ljava/lang/String;Ljava/lang/Class;[Ljava/lang/Object;Z)Ljava/lang/Object; (832 bytes) @ 0x000001b9b35b415c [0x000001b9b35b2420+0x0000000000001d3c]
j  org.springframework.beans.factory.support.AbstractBeanFactory.getBean(Ljava/lang/String;)Ljava/lang/Object;+5
j  org.springframework.beans.factory.support.DefaultListableBeanFactory.preInstantiateSingletons()V+248
j  org.springframework.context.support.AbstractApplicationContext.finishBeanFactoryInitialization(Lorg/springframework/beans/factory/config/ConfigurableListableBeanFactory;)V+124
j  org.springframework.context.support.AbstractApplicationContext.refresh()V+86
j  org.springframework.boot.SpringApplication.refresh(Lorg/springframework/context/ConfigurableApplicationContext;)V+1
j  org.springframework.boot.SpringApplication.refreshContext(Lorg/springframework/context/ConfigurableApplicationContext;)V+16
j  org.springframework.boot.SpringApplication.run([Ljava/lang/String;)Lorg/springframework/context/ConfigurableApplicationContext;+111
j  org.springframework.boot.test.context.SpringBootContextLoader.loadContext(Lorg/springframework/test/context/MergedContextConfiguration;)Lorg/springframework/context/ApplicationContext;+274
j  org.springframework.test.context.cache.DefaultCacheAwareContextLoaderDelegate.loadContextInternal(Lorg/springframework/test/context/MergedContextConfiguration;)Lorg/springframework/context/ApplicationContext;+27
j  org.springframework.test.context.cache.DefaultCacheAwareContextLoaderDelegate.loadContext(Lorg/springframework/test/context/MergedContextConfiguration;)Lorg/springframework/context/ApplicationContext;+24
j  org.springframework.test.context.support.DefaultTestContext.getApplicationContext()Lorg/springframework/context/ApplicationContext;+8
j  org.springframework.test.context.web.ServletTestExecutionListener.setUpRequestContextIfNecessary(Lorg/springframework/test/context/TestContext;)V+18
j  org.springframework.test.context.web.ServletTestExecutionListener.prepareTestInstance(Lorg/springframework/test/context/TestContext;)V+2
j  org.springframework.test.context.TestContextManager.prepareTestInstance(Ljava/lang/Object;)V+89
j  org.springframework.test.context.junit.jupiter.SpringExtension.postProcessTestInstance(Ljava/lang/Object;Lorg/junit/jupiter/api/extension/ExtensionContext;)V+10
j  org.junit.jupiter.engine.descriptor.ClassBasedTestDescriptor.lambda$invokeTestInstancePostProcessors$6(Lorg/junit/jupiter/api/extension/TestInstancePostProcessor;Ljava/lang/Object;Lorg/junit/jupiter/api/extension/ExtensionContext;)V+3
j  org.junit.jupiter.engine.descriptor.ClassBasedTestDescriptor$$Lambda$384.execute()V+12
j  org.junit.jupiter.engine.descriptor.ClassBasedTestDescriptor.executeAndMaskThrowable(Lorg/junit/jupiter/api/function/Executable;)V+1
j  org.junit.jupiter.engine.descriptor.ClassBasedTestDescriptor.lambda$invokeTestInstancePostProcessors$7(Ljava/lang/Object;Lorg/junit/jupiter/api/extension/ExtensionContext;Lorg/junit/jupiter/api/extension/TestInstancePostProcessor;)V+9
j  org.junit.jupiter.engine.descriptor.ClassBasedTestDescriptor$$Lambda$383.accept(Ljava/lang/Object;)V+16
j  java.util.stream.StreamSpliterators$WrappingSpliterator$$Lambda$256.accept(Ljava/lang/Object;)V+5 java.base@11.0.11
j  java.util.stream.ReferencePipeline$3$1.accept(Ljava/lang/Object;)V+17 java.base@11.0.11
J 725 c1 java.util.stream.ReferencePipeline$2$1.accept(Ljava/lang/Object;)V java.base@11.0.11 (27 bytes) @ 0x000001b9b2f7dfdc [0x000001b9b2f7dde0+0x00000000000001fc]
j  java.util.ArrayList$ArrayListSpliterator.forEachRemaining(Ljava/util/function/Consumer;)V+95 java.base@11.0.11
j  java.util.stream.AbstractPipeline.copyInto(Ljava/util/stream/Sink;Ljava/util/Spliterator;)V+32 java.base@11.0.11
j  java.util.stream.AbstractPipeline.wrapAndCopyInto(Ljava/util/stream/Sink;Ljava/util/Spliterator;)Ljava/util/stream/Sink;+13 java.base@11.0.11
j  java.util.stream.StreamSpliterators$WrappingSpliterator.forEachRemaining(Ljava/util/function/Consumer;)V+42 java.base@11.0.11
j  java.util.stream.Streams$ConcatSpliterator.forEachRemaining(Ljava/util/function/Consumer;)V+22 java.base@11.0.11
j  java.util.stream.Streams$ConcatSpliterator.forEachRemaining(Ljava/util/function/Consumer;)V+12 java.base@11.0.11
j  java.util.stream.ReferencePipeline$Head.forEach(Ljava/util/function/Consumer;)V+12 java.base@11.0.11
j  org.junit.jupiter.engine.descriptor.ClassBasedTestDescriptor.invokeTestInstancePostProcessors(Ljava/lang/Object;Lorg/junit/jupiter/engine/extension/ExtensionRegistry;Lorg/junit/jupiter/api/extension/ExtensionContext;)V+16
j  org.junit.jupiter.engine.descriptor.ClassBasedTestDescriptor.lambda$instantiateAndPostProcessTestInstance$4(Lorg/junit/jupiter/api/extension/TestInstances;Lorg/junit/jupiter/engine/extension/ExtensionRegistry;Lorg/junit/jupiter/api/extension/ExtensionContext;Lorg/junit/jupiter/engine/extension/ExtensionRegistrar;)V+9
j  org.junit.jupiter.engine.descriptor.ClassBasedTestDescriptor$$Lambda$382.execute()V+20
j  org.junit.platform.engine.support.hierarchical.ThrowableCollector.execute(Lorg/junit/platform/engine/support/hierarchical/ThrowableCollector$Executable;)V+1
j  org.junit.jupiter.engine.descriptor.ClassBasedTestDescriptor.instantiateAndPostProcessTestInstance(Lorg/junit/jupiter/engine/execution/JupiterEngineExecutionContext;Lorg/junit/jupiter/api/extension/ExtensionContext;Lorg/junit/jupiter/engine/extension/ExtensionRegistry;Lorg/junit/jupiter/engine/extension/ExtensionRegistrar;Lorg/junit/platform/engine/support/hierarchical/ThrowableCollector;)Lorg/junit/jupiter/api/extension/TestInstances;+27
j  org.junit.jupiter.engine.descriptor.ClassBasedTestDescriptor.lambda$testInstancesProvider$2(Lorg/junit/jupiter/engine/execution/JupiterEngineExecutionContext;Lorg/junit/jupiter/engine/descriptor/ClassExtensionContext;Lorg/junit/jupiter/engine/extension/ExtensionRegistry;Lorg/junit/jupiter/engine/extension/ExtensionRegistrar;Lorg/junit/platform/engine/support/hierarchical/ThrowableCollector;)Lorg/junit/jupiter/api/extension/TestInstances;+8
j  org.junit.jupiter.engine.descriptor.ClassBasedTestDescriptor$$Lambda$375.get()Ljava/lang/Object;+24
j  java.util.Optional.orElseGet(Ljava/util/function/Supplier;)Ljava/lang/Object;+15 java.base@11.0.11
j  org.junit.jupiter.engine.descriptor.ClassBasedTestDescriptor.lambda$testInstancesProvider$3(Lorg/junit/jupiter/engine/descriptor/ClassExtensionContext;Lorg/junit/jupiter/engine/execution/JupiterEngineExecutionContext;Lorg/junit/jupiter/engine/extension/ExtensionRegistry;Lorg/junit/jupiter/engine/extension/ExtensionRegistrar;Lorg/junit/platform/engine/support/hierarchical/ThrowableCollector;)Lorg/junit/jupiter/api/extension/TestInstances;+17
j  org.junit.jupiter.engine.descriptor.ClassBasedTestDescriptor$$Lambda$267.getTestInstances(Lorg/junit/jupiter/engine/extension/ExtensionRegistry;Lorg/junit/jupiter/engine/extension/ExtensionRegistrar;Lorg/junit/platform/engine/support/hierarchical/ThrowableCollector;)Lorg/junit/jupiter/api/extension/TestInstances;+15
j  org.junit.jupiter.engine.execution.TestInstancesProvider.getTestInstances(Lorg/junit/jupiter/engine/extension/MutableExtensionRegistry;Lorg/junit/platform/engine/support/hierarchical/ThrowableCollector;)Lorg/junit/jupiter/api/extension/TestInstances;+4
j  org.junit.jupiter.engine.descriptor.TestMethodTestDescriptor.lambda$prepare$0(Lorg/junit/jupiter/engine/execution/JupiterEngineExecutionContext;Lorg/junit/jupiter/engine/extension/MutableExtensionRegistry;Lorg/junit/platform/engine/support/hierarchical/ThrowableCollector;Lorg/junit/jupiter/engine/descriptor/MethodExtensionContext;)V+6
j  org.junit.jupiter.engine.descriptor.TestMethodTestDescriptor$$Lambda$374.execute()V+16
j  org.junit.platform.engine.support.hierarchical.ThrowableCollector.execute(Lorg/junit/platform/engine/support/hierarchical/ThrowableCollector$Executable;)V+1
j  org.junit.jupiter.engine.descriptor.TestMethodTestDescriptor.prepare(Lorg/junit/jupiter/engine/execution/JupiterEngineExecutionContext;)Lorg/junit/jupiter/engine/execution/JupiterEngineExecutionContext;+44
j  org.junit.jupiter.engine.descriptor.TestMethodTestDescriptor.prepare(Lorg/junit/platform/engine/support/hierarchical/EngineExecutionContext;)Lorg/junit/platform/engine/support/hierarchical/EngineExecutionContext;+5
j  org.junit.platform.engine.support.hierarchical.NodeTestTask.lambda$prepare$1()V+9
j  org.junit.platform.engine.support.hierarchical.NodeTestTask$$Lambda$210.execute()V+4
j  org.junit.platform.engine.support.hierarchical.ThrowableCollector.execute(Lorg/junit/platform/engine/support/hierarchical/ThrowableCollector$Executable;)V+1
j  org.junit.platform.engine.support.hierarchical.NodeTestTask.prepare()V+10
j  org.junit.platform.engine.support.hierarchical.NodeTestTask.execute()V+17
j  org.junit.platform.engine.support.hierarchical.SameThreadHierarchicalTestExecutorService$$Lambda$229.accept(Ljava/lang/Object;)V+4
j  java.util.ArrayList.forEach(Ljava/util/function/Consumer;)V+46 java.base@11.0.11
j  org.junit.platform.engine.support.hierarchical.SameThreadHierarchicalTestExecutorService.invokeAll(Ljava/util/List;)V+6
j  org.junit.platform.engine.support.hierarchical.NodeTestTask.lambda$executeRecursively$5()V+116
j  org.junit.platform.engine.support.hierarchical.NodeTestTask$$Lambda$225.execute()V+4
j  org.junit.platform.engine.support.hierarchical.ThrowableCollector.execute(Lorg/junit/platform/engine/support/hierarchical/ThrowableCollector$Executable;)V+1
j  org.junit.platform.engine.support.hierarchical.NodeTestTask.lambda$executeRecursively$7(Lorg/junit/platform/engine/support/hierarchical/EngineExecutionContext;)V+15
j  org.junit.platform.engine.support.hierarchical.NodeTestTask$$Lambda$224.invoke(Lorg/junit/platform/engine/support/hierarchical/EngineExecutionContext;)V+5
j  org.junit.platform.engine.support.hierarchical.Node.around(Lorg/junit/platform/engine/support/hierarchical/EngineExecutionContext;Lorg/junit/platform/engine/support/hierarchical/Node$Invocation;)V+2
j  org.junit.platform.engine.support.hierarchical.NodeTestTask.lambda$executeRecursively$8()V+14
j  org.junit.platform.engine.support.hierarchical.NodeTestTask$$Lambda$223.execute()V+4
j  org.junit.platform.engine.support.hierarchical.ThrowableCollector.execute(Lorg/junit/platform/engine/support/hierarchical/ThrowableCollector$Executable;)V+1
j  org.junit.platform.engine.support.hierarchical.NodeTestTask.executeRecursively()V+31
j  org.junit.platform.engine.support.hierarchical.NodeTestTask.execute()V+55
j  org.junit.platform.engine.support.hierarchical.SameThreadHierarchicalTestExecutorService$$Lambda$229.accept(Ljava/lang/Object;)V+4
j  java.util.ArrayList.forEach(Ljava/util/function/Consumer;)V+46 java.base@11.0.11
j  org.junit.platform.engine.support.hierarchical.SameThreadHierarchicalTestExecutorService.invokeAll(Ljava/util/List;)V+6
j  org.junit.platform.engine.support.hierarchical.NodeTestTask.lambda$executeRecursively$5()V+116
j  org.junit.platform.engine.support.hierarchical.NodeTestTask$$Lambda$225.execute()V+4
j  org.junit.platform.engine.support.hierarchical.ThrowableCollector.execute(Lorg/junit/platform/engine/support/hierarchical/ThrowableCollector$Executable;)V+1
j  org.junit.platform.engine.support.hierarchical.NodeTestTask.lambda$executeRecursively$7(Lorg/junit/platform/engine/support/hierarchical/EngineExecutionContext;)V+15
j  org.junit.platform.engine.support.hierarchical.NodeTestTask$$Lambda$224.invoke(Lorg/junit/platform/engine/support/hierarchical/EngineExecutionContext;)V+5
j  org.junit.platform.engine.support.hierarchical.Node.around(Lorg/junit/platform/engine/support/hierarchical/EngineExecutionContext;Lorg/junit/platform/engine/support/hierarchical/Node$Invocation;)V+2
j  org.junit.platform.engine.support.hierarchical.NodeTestTask.lambda$executeRecursively$8()V+14
j  org.junit.platform.engine.support.hierarchical.NodeTestTask$$Lambda$223.execute()V+4
j  org.junit.platform.engine.support.hierarchical.ThrowableCollector.execute(Lorg/junit/platform/engine/support/hierarchical/ThrowableCollector$Executable;)V+1
j  org.junit.platform.engine.support.hierarchical.NodeTestTask.executeRecursively()V+31
j  org.junit.platform.engine.support.hierarchical.NodeTestTask.execute()V+55
j  org.junit.platform.engine.support.hierarchical.SameThreadHierarchicalTestExecutorService.submit(Lorg/junit/platform/engine/support/hierarchical/HierarchicalTestExecutorService$TestTask;)Ljava/util/concurrent/Future;+1
j  org.junit.platform.engine.support.hierarchical.HierarchicalTestExecutor.execute()Ljava/util/concurrent/Future;+74
j  org.junit.platform.engine.support.hierarchical.HierarchicalTestEngine.execute(Lorg/junit/platform/engine/ExecutionRequest;)V+31
j  org.junit.platform.launcher.core.EngineExecutionOrchestrator.execute(Lorg/junit/platform/engine/TestDescriptor;Lorg/junit/platform/engine/EngineExecutionListener;Lorg/junit/platform/engine/ConfigurationParameters;Lorg/junit/platform/engine/TestEngine;)V+24
j  org.junit.platform.launcher.core.EngineExecutionOrchestrator.execute(Lorg/junit/platform/launcher/core/LauncherDiscoveryResult;Lorg/junit/platform/engine/EngineExecutionListener;)V+86
j  org.junit.platform.launcher.core.EngineExecutionOrchestrator.lambda$execute$0(Lorg/junit/platform/launcher/core/InternalTestPlan;Lorg/junit/platform/launcher/core/LauncherDiscoveryResult;Lorg/junit/platform/launcher/TestExecutionListener;)V+18
j  org.junit.platform.launcher.core.EngineExecutionOrchestrator$$Lambda$178.accept(Ljava/lang/Object;)V+16
j  org.junit.platform.launcher.core.EngineExecutionOrchestrator.withInterceptedStreams(Lorg/junit/platform/engine/ConfigurationParameters;Lorg/junit/platform/launcher/core/TestExecutionListenerRegistry;Ljava/util/function/Consumer;)V+43
j  org.junit.platform.launcher.core.EngineExecutionOrchestrator.execute(Lorg/junit/platform/launcher/core/InternalTestPlan;[Lorg/junit/platform/launcher/TestExecutionListener;)V+35
j  org.junit.platform.launcher.core.DefaultLauncher.execute(Lorg/junit/platform/launcher/core/InternalTestPlan;[Lorg/junit/platform/launcher/TestExecutionListener;)V+6
j  org.junit.platform.launcher.core.DefaultLauncher.execute(Lorg/junit/platform/launcher/LauncherDiscoveryRequest;[Lorg/junit/platform/launcher/TestExecutionListener;)V+33
j  com.intellij.junit5.JUnit5IdeaTestRunner.startRunnerWithArgs([Ljava/lang/String;Ljava/lang/String;IZ)I+202
j  com.intellij.rt.junit.IdeaTestRunner$Repeater.startRunnerWithArgs(Lcom/intellij/rt/junit/IdeaTestRunner;[Ljava/lang/String;Ljava/util/ArrayList;Ljava/lang/String;IZ)I+22
j  com.intellij.rt.junit.JUnitStarter.prepareStreamsAndStart([Ljava/lang/String;Ljava/lang/String;Ljava/util/ArrayList;Ljava/lang/String;)I+116
j  com.intellij.rt.junit.JUnitStarter.main([Ljava/lang/String;)V+97
v  ~StubRoutines::call_stub

siginfo: EXCEPTION_ACCESS_VIOLATION (0xc0000005), reading address 0x000001b1c98564c0


Register to memory mapping:

RIP=0x00007ffd7186b9eb jvm.dll
RAX=0x000001b9aa4ae860 points into unknown readable memory: 00 57 17 a2 00 00 00 00
RBX=0x000001b9aa4ad800 is a thread
RCX=0x000001b1c98564c0 is an unknown value
RDX=0x000001b9aa4ae850 points into unknown readable memory: 00 d2 c0 a1 00 00 00 00
RSP=0x00000043484fa110 is pointing into the stack for thread: 0x000001b9aa4ad800
RBP=0x000001b9aa4ad800 is a thread
RSI=0x0000000000000001 is an unknown value
RDI=0x000001b1c98564c0 is an unknown value
R8 =0x000001b9aa4ae858 points into unknown readable memory: 00 57 17 a2 00 00 00 00
R9 =0x000001b9aa4ad800 is a thread
R10=0x0000000000000002 is an unknown value
R11={method} {0x000001b9cec400f0} 'getEncoding' '()Lorg/springframework/boot/web/servlet/server/Encoding;' in 'org/springframework/boot/autoconfigure/web/ServerProperties$Servlet'
R12=0x0000000000000010 is an unknown value
R13=0x0000000000000011 is an unknown value
R14=0x000001b9a8395860 points into unknown readable memory: 02 00 00 00 00 00 00 00
R15=0x00000000a2175700 is an oop: java.security.ProtectionDomain 
{0x00000000a2175700} - klass: 'java/security/ProtectionDomain'


Registers:
RAX=0x000001b9aa4ae860, RBX=0x000001b9aa4ad800, RCX=0x000001b1c98564c0, RDX=0x000001b9aa4ae850
RSP=0x00000043484fa110, RBP=0x000001b9aa4ad800, RSI=0x0000000000000001, RDI=0x000001b1c98564c0
R8 =0x000001b9aa4ae858, R9 =0x000001b9aa4ad800, R10=0x0000000000000002, R11=0x000001b9cec400e8
R12=0x0000000000000010, R13=0x0000000000000011, R14=0x000001b9a8395860, R15=0x00000000a2175700
RIP=0x00007ffd7186b9eb, EFLAGS=0x0000000000010202

Top of Stack: (sp=0x00000043484fa110)
0x00000043484fa110:   000001b9aa4ad800 00007ffd7186b933
0x00000043484fa120:   000001b9cec400e8 000001b9aa4ad800
0x00000043484fa130:   0000000000000000 00007ffd7137978c
0x00000043484fa140:   000001b9a8395860 000001b1c98564c0
0x00000043484fa150:   0000000000000001 000001b9aa4ad800
0x00000043484fa160:   000001b9aa4ad800 00007ffd7186b933
0x00000043484fa170:   000001b9aa4ad800 0000000000000000
0x00000043484fa180:   000001b9aa4ae868 0000000000000000
0x00000043484fa190:   000001b9aa4ae850 00007ffd713bccae
0x00000043484fa1a0:   000001b9aa4ae858 00000043484fa240
0x00000043484fa1b0:   000001b9aa4ad800 00007ffd7181781b
0x00000043484fa1c0:   000001b9aa4ad800 00007ffd71690efe
0x00000043484fa1d0:   000001b9aa4ad800 000001b9aa4ad800
0x00000043484fa1e0:   00000043484fa3d8 00000000000000b5
0x00000043484fa1f0:   000001b9cebdb400 0000000000000001
0x00000043484fa200:   000001b9aa4ad800 0000000000000003 

Instructions: (pc=0x00007ffd7186b9eb)
0x00007ffd7186b9cb:   cc cc cc cc cc 4c 8b ca 45 33 c0 33 d2 e9 03 00
0x00007ffd7186b9db:   00 00 cc cc cc 40 53 55 56 57 41 56 48 83 ec 30
0x00007ffd7186b9eb:   66 83 39 01 4d 8b f1 49 8b d8 48 8b fa 48 8b f1
0x00007ffd7186b9fb:   0f 86 cc 00 00 00 80 79 06 5b 0f 85 c2 00 00 00 


Stack slot to memory mapping:
stack at sp + 0 slots: 0x000001b9aa4ad800 is a thread
stack at sp + 1 slots: 0x00007ffd7186b933 jvm.dll
stack at sp + 2 slots: {method} {0x000001b9cec400f0} 'getEncoding' '()Lorg/springframework/boot/web/servlet/server/Encoding;' in 'org/springframework/boot/autoconfigure/web/ServerProperties$Servlet'
stack at sp + 3 slots: 0x000001b9aa4ad800 is a thread
stack at sp + 4 slots: 0x0 is NULL
stack at sp + 5 slots: 0x00007ffd7137978c jvm.dll
stack at sp + 6 slots: 0x000001b9a8395860 points into unknown readable memory: 02 00 00 00 00 00 00 00
stack at sp + 7 slots: 0x000001b1c98564c0 is an unknown value


---------------  P R O C E S S  ---------------

Threads class SMR info:
_java_thread_list=0x000001b9cc23c950, length=14, elements={
0x000001b9aa4ad800, 0x000001b9c7e85000, 0x000001b9c7e92800, 0x000001b9c7edf000,
0x000001b9c7ee2000, 0x000001b9c7ee3000, 0x000001b9c7ee6800, 0x000001b9c7f5b800,
0x000001b9c72e7000, 0x000001b9c8200800, 0x000001b9c8201800, 0x000001b9ca4cb000,
0x000001b9cb66c800, 0x000001b9c9c09000
}

Java Threads: ( => current thread )
=>0x000001b9aa4ad800 JavaThread "main" [_thread_in_vm, id=15228, stack(0x0000004348400000,0x0000004348500000)]
  0x000001b9c7e85000 JavaThread "Reference Handler" daemon [_thread_blocked, id=4380, stack(0x0000004348b00000,0x0000004348c00000)]
  0x000001b9c7e92800 JavaThread "Finalizer" daemon [_thread_blocked, id=1096, stack(0x0000004348c00000,0x0000004348d00000)]
  0x000001b9c7edf000 JavaThread "Signal Dispatcher" daemon [_thread_blocked, id=15308, stack(0x0000004348d00000,0x0000004348e00000)]
  0x000001b9c7ee2000 JavaThread "Attach Listener" daemon [_thread_blocked, id=6732, stack(0x0000004348e00000,0x0000004348f00000)]
  0x000001b9c7ee3000 JavaThread "C2 CompilerThread0" daemon [_thread_in_native, id=14776, stack(0x0000004348f00000,0x0000004349000000)]
  0x000001b9c7ee6800 JavaThread "C1 CompilerThread0" daemon [_thread_blocked, id=12648, stack(0x0000004349000000,0x0000004349100000)]
  0x000001b9c7f5b800 JavaThread "Sweeper thread" daemon [_thread_blocked, id=14820, stack(0x0000004349100000,0x0000004349200000)]
  0x000001b9c72e7000 JavaThread "Common-Cleaner" daemon [_thread_blocked, id=4432, stack(0x0000004349200000,0x0000004349300000)]
  0x000001b9c8200800 JavaThread "Monitor Ctrl-Break" daemon [_thread_in_native, id=9644, stack(0x0000004349300000,0x0000004349400000)]
  0x000001b9c8201800 JavaThread "Service Thread" daemon [_thread_blocked, id=9884, stack(0x0000004349400000,0x0000004349500000)]
  0x000001b9ca4cb000 JavaThread "HikariPool-1 housekeeper" daemon [_thread_blocked, id=16376, stack(0x0000004349800000,0x0000004349900000)]
  0x000001b9cb66c800 JavaThread "C2 CompilerThread1" daemon [_thread_in_native, id=11004, stack(0x0000004349700000,0x0000004349800000)]
  0x000001b9c9c09000 JavaThread "commons-pool-evictor-thread" daemon [_thread_blocked, id=13384, stack(0x0000004349b00000,0x0000004349c00000)]

Other Threads:
  0x000001b9c7e61800 VMThread "VM Thread" [stack: 0x0000004348a00000,0x0000004348b00000] [id=16340]
  0x000001b9c83dd800 WatcherThread [stack: 0x0000004349500000,0x0000004349600000] [id=14824]
  0x000001b9aa4c2800 GCTaskThread "GC Thread#0" [stack: 0x0000004348500000,0x0000004348600000] [id=7092]
  0x000001b9c895f800 GCTaskThread "GC Thread#1" [stack: 0x0000004349600000,0x0000004349700000] [id=9936]
  0x000001b9caf90800 GCTaskThread "GC Thread#2" [stack: 0x0000004349900000,0x0000004349a00000] [id=16216]
  0x000001b9c96f1800 GCTaskThread "GC Thread#3" [stack: 0x0000004349a00000,0x0000004349b00000] [id=9256]
  0x000001b9aa4e8000 ConcurrentGCThread "G1 Main Marker" [stack: 0x0000004348600000,0x0000004348700000] [id=15524]
  0x000001b9aa4e9800 ConcurrentGCThread "G1 Conc#0" [stack: 0x0000004348700000,0x0000004348800000] [id=12516]
  0x000001b9c7190000 ConcurrentGCThread "G1 Refine#0" [stack: 0x0000004348800000,0x0000004348900000] [id=12848]
  0x000001b9c7191000 ConcurrentGCThread "G1 Young RemSet Sampling" [stack: 0x0000004348900000,0x0000004348a00000] [id=14136]

Threads with active compile tasks:
C2 CompilerThread0  31994 6070       4       org.springframework.core.annotation.AnnotationTypeMappings$Cache::get (20 bytes)
C2 CompilerThread1  31994 6004       4       org.springframework.core.annotation.AnnotationsScanner::process (43 bytes)

VM state:not at safepoint (normal execution)

VM Mutex/Monitor currently owned by a thread: None

Heap address: 0x00000000a1600000, size: 1514 MB, Compressed Oops mode: 32-bit
Narrow klass base: 0x0000000000000000, Narrow klass shift: 3
Compressed class space size: 1073741824 Address: 0x0000000100000000

Heap:
 garbage-first heap   total 143360K, used 76826K [0x00000000a1600000, 0x0000000100000000)
  region size 1024K, 50 young (51200K), 8 survivors (8192K)
 Metaspace       used 75362K, capacity 77264K, committed 77388K, reserved 1116160K
  class space    used 9756K, capacity 10514K, committed 10572K, reserved 1048576K
Heap Regions: E=young(eden), S=young(survivor), O=old, HS=humongous(starts), HC=humongous(continues), CS=collection set, F=free, A=archive, TAMS=top-at-mark-start (previous, next)
|   0|0x00000000a1600000, 0x00000000a1700000, 0x00000000a1700000|100%|HS|  |TAMS 0x00000000a1700000, 0x00000000a1600000| Complete 
|   1|0x00000000a1700000, 0x00000000a1800000, 0x00000000a1800000|100%| O|  |TAMS 0x00000000a1800000, 0x00000000a1700000| Untracked 
|   2|0x00000000a1800000, 0x00000000a1900000, 0x00000000a1900000|100%| O|  |TAMS 0x00000000a1900000, 0x00000000a1800000| Untracked 
|   3|0x00000000a1900000, 0x00000000a1a00000, 0x00000000a1a00000|100%| O|  |TAMS 0x00000000a1a00000, 0x00000000a1900000| Untracked 
|   4|0x00000000a1a00000, 0x00000000a1b00000, 0x00000000a1b00000|100%| O|  |TAMS 0x00000000a1b00000, 0x00000000a1a00000| Untracked 
|   5|0x00000000a1b00000, 0x00000000a1c00000, 0x00000000a1c00000|100%| O|  |TAMS 0x00000000a1c00000, 0x00000000a1b00000| Untracked 
|   6|0x00000000a1c00000, 0x00000000a1d00000, 0x00000000a1d00000|100%| O|  |TAMS 0x00000000a1d00000, 0x00000000a1c00000| Untracked 
|   7|0x00000000a1d00000, 0x00000000a1e00000, 0x00000000a1e00000|100%| O|  |TAMS 0x00000000a1e00000, 0x00000000a1d00000| Untracked 
|   8|0x00000000a1e00000, 0x00000000a1f00000, 0x00000000a1f00000|100%| O|  |TAMS 0x00000000a1f00000, 0x00000000a1e00000| Untracked 
|   9|0x00000000a1f00000, 0x00000000a2000000, 0x00000000a2000000|100%| O|  |TAMS 0x00000000a2000000, 0x00000000a1f00000| Untracked 
|  10|0x00000000a2000000, 0x00000000a2100000, 0x00000000a2100000|100%| O|  |TAMS 0x00000000a2100000, 0x00000000a2000000| Untracked 
|  11|0x00000000a2100000, 0x00000000a2200000, 0x00000000a2200000|100%| O|  |TAMS 0x00000000a2200000, 0x00000000a2100000| Untracked 
|  12|0x00000000a2200000, 0x00000000a2300000, 0x00000000a2300000|100%| O|  |TAMS 0x00000000a2300000, 0x00000000a2200000| Untracked 
|  13|0x00000000a2300000, 0x00000000a2400000, 0x00000000a2400000|100%| O|  |TAMS 0x00000000a2400000, 0x00000000a2300000| Untracked 
|  14|0x00000000a2400000, 0x00000000a2500000, 0x00000000a2500000|100%| O|  |TAMS 0x00000000a2500000, 0x00000000a2400000| Untracked 
|  15|0x00000000a2500000, 0x00000000a2600000, 0x00000000a2600000|100%| O|  |TAMS 0x00000000a2600000, 0x00000000a2500000| Untracked 
|  16|0x00000000a2600000, 0x00000000a2700000, 0x00000000a2700000|100%| O|  |TAMS 0x00000000a2700000, 0x00000000a2600000| Untracked 
|  17|0x00000000a2700000, 0x00000000a2800000, 0x00000000a2800000|100%| O|  |TAMS 0x00000000a2800000, 0x00000000a2700000| Untracked 
|  18|0x00000000a2800000, 0x00000000a2900000, 0x00000000a2900000|100%| O|  |TAMS 0x00000000a2900000, 0x00000000a2800000| Untracked 
|  19|0x00000000a2900000, 0x00000000a2a00000, 0x00000000a2a00000|100%| O|  |TAMS 0x00000000a2a00000, 0x00000000a2900000| Untracked 
|  20|0x00000000a2a00000, 0x00000000a2b00000, 0x00000000a2b00000|100%| O|  |TAMS 0x00000000a2b00000, 0x00000000a2a00000| Untracked 
|  21|0x00000000a2b00000, 0x00000000a2c00000, 0x00000000a2c00000|100%| O|  |TAMS 0x00000000a2c00000, 0x00000000a2b00000| Untracked 
|  22|0x00000000a2c00000, 0x00000000a2d00000, 0x00000000a2d00000|100%| O|  |TAMS 0x00000000a2d00000, 0x00000000a2c00000| Untracked 
|  23|0x00000000a2d00000, 0x00000000a2e00000, 0x00000000a2e00000|100%| O|  |TAMS 0x00000000a2e00000, 0x00000000a2d00000| Untracked 
|  24|0x00000000a2e00000, 0x00000000a2f00000, 0x00000000a2f00000|100%| O|  |TAMS 0x00000000a2e00000, 0x00000000a2e00000| Untracked 
|  25|0x00000000a2f00000, 0x00000000a3000000, 0x00000000a3000000|100%| O|  |TAMS 0x00000000a2f00000, 0x00000000a2f00000| Untracked 
|  26|0x00000000a3000000, 0x00000000a3006a00, 0x00000000a3100000|  2%| O|  |TAMS 0x00000000a3000000, 0x00000000a3000000| Untracked 
|  27|0x00000000a3100000, 0x00000000a3100000, 0x00000000a3200000|  0%| F|  |TAMS 0x00000000a3100000, 0x00000000a3100000| Untracked 
|  28|0x00000000a3200000, 0x00000000a3200000, 0x00000000a3300000|  0%| F|  |TAMS 0x00000000a3200000, 0x00000000a3200000| Untracked 
|  29|0x00000000a3300000, 0x00000000a3300000, 0x00000000a3400000|  0%| F|  |TAMS 0x00000000a3300000, 0x00000000a3300000| Untracked 
|  30|0x00000000a3400000, 0x00000000a3400000, 0x00000000a3500000|  0%| F|  |TAMS 0x00000000a3400000, 0x00000000a3400000| Untracked 
|  31|0x00000000a3500000, 0x00000000a3500000, 0x00000000a3600000|  0%| F|  |TAMS 0x00000000a3500000, 0x00000000a3500000| Untracked 
|  32|0x00000000a3600000, 0x00000000a3600000, 0x00000000a3700000|  0%| F|  |TAMS 0x00000000a3600000, 0x00000000a3600000| Untracked 
|  33|0x00000000a3700000, 0x00000000a3700000, 0x00000000a3800000|  0%| F|  |TAMS 0x00000000a3700000, 0x00000000a3700000| Untracked 
|  34|0x00000000a3800000, 0x00000000a3800000, 0x00000000a3900000|  0%| F|  |TAMS 0x00000000a3800000, 0x00000000a3800000| Untracked 
|  35|0x00000000a3900000, 0x00000000a3900000, 0x00000000a3a00000|  0%| F|  |TAMS 0x00000000a3900000, 0x00000000a3900000| Untracked 
|  36|0x00000000a3a00000, 0x00000000a3a00000, 0x00000000a3b00000|  0%| F|  |TAMS 0x00000000a3a00000, 0x00000000a3a00000| Untracked 
|  37|0x00000000a3b00000, 0x00000000a3b00000, 0x00000000a3c00000|  0%| F|  |TAMS 0x00000000a3b00000, 0x00000000a3b00000| Untracked 
|  38|0x00000000a3c00000, 0x00000000a3c00000, 0x00000000a3d00000|  0%| F|  |TAMS 0x00000000a3c00000, 0x00000000a3c00000| Untracked 
|  39|0x00000000a3d00000, 0x00000000a3d00000, 0x00000000a3e00000|  0%| F|  |TAMS 0x00000000a3d00000, 0x00000000a3d00000| Untracked 
|  40|0x00000000a3e00000, 0x00000000a3e00000, 0x00000000a3f00000|  0%| F|  |TAMS 0x00000000a3e00000, 0x00000000a3e00000| Untracked 
|  41|0x00000000a3f00000, 0x00000000a3f00000, 0x00000000a4000000|  0%| F|  |TAMS 0x00000000a3f00000, 0x00000000a3f00000| Untracked 
|  42|0x00000000a4000000, 0x00000000a4000000, 0x00000000a4100000|  0%| F|  |TAMS 0x00000000a4000000, 0x00000000a4000000| Untracked 
|  43|0x00000000a4100000, 0x00000000a4100000, 0x00000000a4200000|  0%| F|  |TAMS 0x00000000a4100000, 0x00000000a4100000| Untracked 
|  44|0x00000000a4200000, 0x00000000a4200000, 0x00000000a4300000|  0%| F|  |TAMS 0x00000000a4200000, 0x00000000a4200000| Untracked 
|  45|0x00000000a4300000, 0x00000000a4300000, 0x00000000a4400000|  0%| F|  |TAMS 0x00000000a4300000, 0x00000000a4300000| Untracked 
|  46|0x00000000a4400000, 0x00000000a4400000, 0x00000000a4500000|  0%| F|  |TAMS 0x00000000a4400000, 0x00000000a4400000| Untracked 
|  47|0x00000000a4500000, 0x00000000a4500000, 0x00000000a4600000|  0%| F|  |TAMS 0x00000000a4500000, 0x00000000a4500000| Untracked 
|  48|0x00000000a4600000, 0x00000000a4600000, 0x00000000a4700000|  0%| F|  |TAMS 0x00000000a4600000, 0x00000000a4600000| Untracked 
|  49|0x00000000a4700000, 0x00000000a4700000, 0x00000000a4800000|  0%| F|  |TAMS 0x00000000a4700000, 0x00000000a4700000| Untracked 
|  50|0x00000000a4800000, 0x00000000a4800000, 0x00000000a4900000|  0%| F|  |TAMS 0x00000000a4800000, 0x00000000a4800000| Untracked 
|  51|0x00000000a4900000, 0x00000000a4900000, 0x00000000a4a00000|  0%| F|  |TAMS 0x00000000a4900000, 0x00000000a4900000| Untracked 
|  52|0x00000000a4a00000, 0x00000000a4a00000, 0x00000000a4b00000|  0%| F|  |TAMS 0x00000000a4a00000, 0x00000000a4a00000| Untracked 
|  53|0x00000000a4b00000, 0x00000000a4b00000, 0x00000000a4c00000|  0%| F|  |TAMS 0x00000000a4b00000, 0x00000000a4b00000| Untracked 
|  54|0x00000000a4c00000, 0x00000000a4c00000, 0x00000000a4d00000|  0%| F|  |TAMS 0x00000000a4c00000, 0x00000000a4c00000| Untracked 
|  55|0x00000000a4d00000, 0x00000000a4d00000, 0x00000000a4e00000|  0%| F|  |TAMS 0x00000000a4d00000, 0x00000000a4d00000| Untracked 
|  56|0x00000000a4e00000, 0x00000000a4e00000, 0x00000000a4f00000|  0%| F|  |TAMS 0x00000000a4e00000, 0x00000000a4e00000| Untracked 
|  57|0x00000000a4f00000, 0x00000000a4f00000, 0x00000000a5000000|  0%| F|  |TAMS 0x00000000a4f00000, 0x00000000a4f00000| Untracked 
|  58|0x00000000a5000000, 0x00000000a5000000, 0x00000000a5100000|  0%| F|  |TAMS 0x00000000a5000000, 0x00000000a5000000| Untracked 
|  59|0x00000000a5100000, 0x00000000a5100000, 0x00000000a5200000|  0%| F|  |TAMS 0x00000000a5100000, 0x00000000a5100000| Untracked 
|  60|0x00000000a5200000, 0x00000000a5200000, 0x00000000a5300000|  0%| F|  |TAMS 0x00000000a5200000, 0x00000000a5200000| Untracked 
|  61|0x00000000a5300000, 0x00000000a5300000, 0x00000000a5400000|  0%| F|  |TAMS 0x00000000a5300000, 0x00000000a5300000| Untracked 
|  62|0x00000000a5400000, 0x00000000a5400000, 0x00000000a5500000|  0%| F|  |TAMS 0x00000000a5400000, 0x00000000a5400000| Untracked 
|  63|0x00000000a5500000, 0x00000000a5600000, 0x00000000a5600000|100%| S|CS|TAMS 0x00000000a5500000, 0x00000000a5500000| Complete 
|  64|0x00000000a5600000, 0x00000000a5700000, 0x00000000a5700000|100%| S|CS|TAMS 0x00000000a5600000, 0x00000000a5600000| Complete 
|  65|0x00000000a5700000, 0x00000000a5800000, 0x00000000a5800000|100%| S|CS|TAMS 0x00000000a5700000, 0x00000000a5700000| Complete 
|  66|0x00000000a5800000, 0x00000000a5900000, 0x00000000a5900000|100%| S|CS|TAMS 0x00000000a5800000, 0x00000000a5800000| Complete 
|  67|0x00000000a5900000, 0x00000000a5a00000, 0x00000000a5a00000|100%| S|CS|TAMS 0x00000000a5900000, 0x00000000a5900000| Complete 
|  68|0x00000000a5a00000, 0x00000000a5a00000, 0x00000000a5b00000|  0%| F|  |TAMS 0x00000000a5a00000, 0x00000000a5a00000| Untracked 
|  69|0x00000000a5b00000, 0x00000000a5b00000, 0x00000000a5c00000|  0%| F|  |TAMS 0x00000000a5b00000, 0x00000000a5b00000| Untracked 
|  70|0x00000000a5c00000, 0x00000000a5c00000, 0x00000000a5d00000|  0%| F|  |TAMS 0x00000000a5c00000, 0x00000000a5c00000| Untracked 
|  71|0x00000000a5d00000, 0x00000000a5d00000, 0x00000000a5e00000|  0%| F|  |TAMS 0x00000000a5d00000, 0x00000000a5d00000| Untracked 
|  72|0x00000000a5e00000, 0x00000000a5e00000, 0x00000000a5f00000|  0%| F|  |TAMS 0x00000000a5e00000, 0x00000000a5e00000| Untracked 
|  73|0x00000000a5f00000, 0x00000000a5f00000, 0x00000000a6000000|  0%| F|  |TAMS 0x00000000a5f00000, 0x00000000a5f00000| Untracked 
|  74|0x00000000a6000000, 0x00000000a6000000, 0x00000000a6100000|  0%| F|  |TAMS 0x00000000a6000000, 0x00000000a6000000| Untracked 
|  75|0x00000000a6100000, 0x00000000a6200000, 0x00000000a6200000|100%| S|CS|TAMS 0x00000000a6100000, 0x00000000a6100000| Complete 
|  76|0x00000000a6200000, 0x00000000a6300000, 0x00000000a6300000|100%| S|CS|TAMS 0x00000000a6200000, 0x00000000a6200000| Complete 
|  77|0x00000000a6300000, 0x00000000a6400000, 0x00000000a6400000|100%| S|CS|TAMS 0x00000000a6300000, 0x00000000a6300000| Complete 
|  78|0x00000000a6400000, 0x00000000a6400000, 0x00000000a6500000|  0%| F|  |TAMS 0x00000000a6400000, 0x00000000a6400000| Untracked 
|  79|0x00000000a6500000, 0x00000000a6500000, 0x00000000a6600000|  0%| F|  |TAMS 0x00000000a6500000, 0x00000000a6500000| Untracked 
|  80|0x00000000a6600000, 0x00000000a6600000, 0x00000000a6700000|  0%| F|  |TAMS 0x00000000a6600000, 0x00000000a6600000| Untracked 
|  81|0x00000000a6700000, 0x00000000a6700000, 0x00000000a6800000|  0%| F|  |TAMS 0x00000000a6700000, 0x00000000a6700000| Untracked 
|  82|0x00000000a6800000, 0x00000000a6800000, 0x00000000a6900000|  0%| F|  |TAMS 0x00000000a6800000, 0x00000000a6800000| Untracked 
|  83|0x00000000a6900000, 0x00000000a6900000, 0x00000000a6a00000|  0%| F|  |TAMS 0x00000000a6900000, 0x00000000a6900000| Untracked 
|  84|0x00000000a6a00000, 0x00000000a6a00000, 0x00000000a6b00000|  0%| F|  |TAMS 0x00000000a6a00000, 0x00000000a6a00000| Untracked 
|  85|0x00000000a6b00000, 0x00000000a6b00000, 0x00000000a6c00000|  0%| F|  |TAMS 0x00000000a6b00000, 0x00000000a6b00000| Untracked 
|  86|0x00000000a6c00000, 0x00000000a6c00000, 0x00000000a6d00000|  0%| F|  |TAMS 0x00000000a6c00000, 0x00000000a6c00000| Untracked 
|  87|0x00000000a6d00000, 0x00000000a6d00000, 0x00000000a6e00000|  0%| F|  |TAMS 0x00000000a6d00000, 0x00000000a6d00000| Untracked 
|  88|0x00000000a6e00000, 0x00000000a6e00000, 0x00000000a6f00000|  0%| F|  |TAMS 0x00000000a6e00000, 0x00000000a6e00000| Untracked 
|  89|0x00000000a6f00000, 0x00000000a6f00000, 0x00000000a7000000|  0%| F|  |TAMS 0x00000000a6f00000, 0x00000000a6f00000| Untracked 
|  90|0x00000000a7000000, 0x00000000a7000000, 0x00000000a7100000|  0%| F|  |TAMS 0x00000000a7000000, 0x00000000a7000000| Untracked 
|  91|0x00000000a7100000, 0x00000000a7100000, 0x00000000a7200000|  0%| F|  |TAMS 0x00000000a7100000, 0x00000000a7100000| Untracked 
|  92|0x00000000a7200000, 0x00000000a7200000, 0x00000000a7300000|  0%| F|  |TAMS 0x00000000a7200000, 0x00000000a7200000| Untracked 
|  93|0x00000000a7300000, 0x00000000a7300000, 0x00000000a7400000|  0%| F|  |TAMS 0x00000000a7300000, 0x00000000a7300000| Untracked 
|  94|0x00000000a7400000, 0x00000000a7400000, 0x00000000a7500000|  0%| F|  |TAMS 0x00000000a7400000, 0x00000000a7400000| Untracked 
|  95|0x00000000a7500000, 0x00000000a7500000, 0x00000000a7600000|  0%| F|  |TAMS 0x00000000a7500000, 0x00000000a7500000| Untracked 
|  96|0x00000000a7600000, 0x00000000a7600000, 0x00000000a7700000|  0%| F|  |TAMS 0x00000000a7600000, 0x00000000a7600000| Untracked 
|  97|0x00000000a7700000, 0x00000000a7700000, 0x00000000a7800000|  0%| F|  |TAMS 0x00000000a7700000, 0x00000000a7700000| Untracked 
|  98|0x00000000a7800000, 0x00000000a7800800, 0x00000000a7900000|  0%| E|  |TAMS 0x00000000a7800000, 0x00000000a7800000| Complete 
|  99|0x00000000a7900000, 0x00000000a7a00000, 0x00000000a7a00000|100%| E|CS|TAMS 0x00000000a7900000, 0x00000000a7900000| Complete 
| 100|0x00000000a7a00000, 0x00000000a7b00000, 0x00000000a7b00000|100%| E|CS|TAMS 0x00000000a7a00000, 0x00000000a7a00000| Complete 
| 101|0x00000000a7b00000, 0x00000000a7c00000, 0x00000000a7c00000|100%| E|CS|TAMS 0x00000000a7b00000, 0x00000000a7b00000| Complete 
| 102|0x00000000a7c00000, 0x00000000a7d00000, 0x00000000a7d00000|100%| E|CS|TAMS 0x00000000a7c00000, 0x00000000a7c00000| Complete 
| 103|0x00000000a7d00000, 0x00000000a7e00000, 0x00000000a7e00000|100%| E|CS|TAMS 0x00000000a7d00000, 0x00000000a7d00000| Complete 
| 104|0x00000000a7e00000, 0x00000000a7f00000, 0x00000000a7f00000|100%| E|CS|TAMS 0x00000000a7e00000, 0x00000000a7e00000| Complete 
| 105|0x00000000a7f00000, 0x00000000a8000000, 0x00000000a8000000|100%| E|CS|TAMS 0x00000000a7f00000, 0x00000000a7f00000| Complete 
| 106|0x00000000a8000000, 0x00000000a8100000, 0x00000000a8100000|100%| E|CS|TAMS 0x00000000a8000000, 0x00000000a8000000| Complete 
| 107|0x00000000a8100000, 0x00000000a8200000, 0x00000000a8200000|100%| E|CS|TAMS 0x00000000a8100000, 0x00000000a8100000| Complete 
| 108|0x00000000a8200000, 0x00000000a8300000, 0x00000000a8300000|100%| E|CS|TAMS 0x00000000a8200000, 0x00000000a8200000| Complete 
| 109|0x00000000a8300000, 0x00000000a8400000, 0x00000000a8400000|100%| E|CS|TAMS 0x00000000a8300000, 0x00000000a8300000| Complete 
| 110|0x00000000a8400000, 0x00000000a8500000, 0x00000000a8500000|100%| E|CS|TAMS 0x00000000a8400000, 0x00000000a8400000| Complete 
| 111|0x00000000a8500000, 0x00000000a8600000, 0x00000000a8600000|100%| E|CS|TAMS 0x00000000a8500000, 0x00000000a8500000| Complete 
| 112|0x00000000a8600000, 0x00000000a8700000, 0x00000000a8700000|100%| E|CS|TAMS 0x00000000a8600000, 0x00000000a8600000| Complete 
| 113|0x00000000a8700000, 0x00000000a8800000, 0x00000000a8800000|100%| E|CS|TAMS 0x00000000a8700000, 0x00000000a8700000| Complete 
| 114|0x00000000a8800000, 0x00000000a8900000, 0x00000000a8900000|100%| E|CS|TAMS 0x00000000a8800000, 0x00000000a8800000| Complete 
| 115|0x00000000a8900000, 0x00000000a8a00000, 0x00000000a8a00000|100%| E|CS|TAMS 0x00000000a8900000, 0x00000000a8900000| Complete 
| 116|0x00000000a8a00000, 0x00000000a8b00000, 0x00000000a8b00000|100%| E|CS|TAMS 0x00000000a8a00000, 0x00000000a8a00000| Complete 
| 117|0x00000000a8b00000, 0x00000000a8c00000, 0x00000000a8c00000|100%| E|CS|TAMS 0x00000000a8b00000, 0x00000000a8b00000| Complete 
| 118|0x00000000a8c00000, 0x00000000a8d00000, 0x00000000a8d00000|100%| E|CS|TAMS 0x00000000a8c00000, 0x00000000a8c00000| Complete 
| 119|0x00000000a8d00000, 0x00000000a8e00000, 0x00000000a8e00000|100%| E|CS|TAMS 0x00000000a8d00000, 0x00000000a8d00000| Complete 
| 120|0x00000000a8e00000, 0x00000000a8f00000, 0x00000000a8f00000|100%| E|CS|TAMS 0x00000000a8e00000, 0x00000000a8e00000| Complete 
| 121|0x00000000a8f00000, 0x00000000a9000000, 0x00000000a9000000|100%| E|CS|TAMS 0x00000000a8f00000, 0x00000000a8f00000| Complete 
| 122|0x00000000a9000000, 0x00000000a9100000, 0x00000000a9100000|100%| E|CS|TAMS 0x00000000a9000000, 0x00000000a9000000| Complete 
| 123|0x00000000a9100000, 0x00000000a9200000, 0x00000000a9200000|100%| E|CS|TAMS 0x00000000a9100000, 0x00000000a9100000| Complete 
| 124|0x00000000a9200000, 0x00000000a9300000, 0x00000000a9300000|100%| E|CS|TAMS 0x00000000a9200000, 0x00000000a9200000| Complete 
| 125|0x00000000a9300000, 0x00000000a9400000, 0x00000000a9400000|100%| E|CS|TAMS 0x00000000a9300000, 0x00000000a9300000| Complete 
| 126|0x00000000a9400000, 0x00000000a9500000, 0x00000000a9500000|100%| E|CS|TAMS 0x00000000a9400000, 0x00000000a9400000| Complete 
| 127|0x00000000a9500000, 0x00000000a9600000, 0x00000000a9600000|100%| E|CS|TAMS 0x00000000a9500000, 0x00000000a9500000| Complete 
| 128|0x00000000a9600000, 0x00000000a9700000, 0x00000000a9700000|100%| E|CS|TAMS 0x00000000a9600000, 0x00000000a9600000| Complete 
| 129|0x00000000a9700000, 0x00000000a9800000, 0x00000000a9800000|100%| E|CS|TAMS 0x00000000a9700000, 0x00000000a9700000| Complete 
| 130|0x00000000a9800000, 0x00000000a9900000, 0x00000000a9900000|100%| E|CS|TAMS 0x00000000a9800000, 0x00000000a9800000| Complete 
| 131|0x00000000a9900000, 0x00000000a9a00000, 0x00000000a9a00000|100%| E|CS|TAMS 0x00000000a9900000, 0x00000000a9900000| Complete 
| 132|0x00000000a9a00000, 0x00000000a9b00000, 0x00000000a9b00000|100%| E|CS|TAMS 0x00000000a9a00000, 0x00000000a9a00000| Complete 
| 133|0x00000000a9b00000, 0x00000000a9c00000, 0x00000000a9c00000|100%| E|CS|TAMS 0x00000000a9b00000, 0x00000000a9b00000| Complete 
| 134|0x00000000a9c00000, 0x00000000a9d00000, 0x00000000a9d00000|100%| E|CS|TAMS 0x00000000a9c00000, 0x00000000a9c00000| Complete 
| 135|0x00000000a9d00000, 0x00000000a9e00000, 0x00000000a9e00000|100%| E|CS|TAMS 0x00000000a9d00000, 0x00000000a9d00000| Complete 
| 136|0x00000000a9e00000, 0x00000000a9f00000, 0x00000000a9f00000|100%| E|CS|TAMS 0x00000000a9e00000, 0x00000000a9e00000| Complete 
| 137|0x00000000a9f00000, 0x00000000aa000000, 0x00000000aa000000|100%| E|CS|TAMS 0x00000000a9f00000, 0x00000000a9f00000| Complete 
| 138|0x00000000aa000000, 0x00000000aa100000, 0x00000000aa100000|100%| E|CS|TAMS 0x00000000aa000000, 0x00000000aa000000| Complete 
| 139|0x00000000aa100000, 0x00000000aa200000, 0x00000000aa200000|100%| E|CS|TAMS 0x00000000aa100000, 0x00000000aa100000| Complete 

Card table byte_map: [0x000001b9c1bc0000,0x000001b9c1ec0000] _byte_map_base: 0x000001b9c16b5000

Marking Bits (Prev, Next): (CMBitMap*) 0x000001b9aa4e15d0, (CMBitMap*) 0x000001b9aa4e1598
 Prev Bits: [0x000001b9c3970000, 0x000001b9c5118000)
 Next Bits: [0x000001b9c21c0000, 0x000001b9c3968000)

Polling page: 0x000001b9a82e0000

Metaspace:

Usage:
  Non-class:     65.19 MB capacity,    64.07 MB ( 98%) used,   892.63 KB (  1%) free+waste,   251.25 KB ( <1%) overhead. 
      Class:     10.27 MB capacity,     9.53 MB ( 93%) used,   638.16 KB (  6%) free+waste,   119.00 KB (  1%) overhead. 
       Both:     75.45 MB capacity,    73.60 MB ( 98%) used,     1.49 MB (  2%) free+waste,   370.25 KB ( <1%) overhead. 

Virtual space:
  Non-class space:       66.00 MB reserved,      65.25 MB ( 99%) committed 
      Class space:        1.00 GB reserved,      10.32 MB (  1%) committed 
             Both:        1.06 GB reserved,      75.57 MB (  7%) committed 

Chunk freelists:
   Non-Class:  256 bytes
       Class:  1.75 KB
        Both:  2.00 KB

CodeHeap 'non-profiled nmethods': size=120064Kb used=4651Kb max_used=4651Kb free=115412Kb
 bounds [0x000001b9ba380000, 0x000001b9ba810000, 0x000001b9c18c0000]
CodeHeap 'profiled nmethods': size=120000Kb used=14182Kb max_used=14182Kb free=105817Kb
 bounds [0x000001b9b2e50000, 0x000001b9b3c30000, 0x000001b9ba380000]
CodeHeap 'non-nmethods': size=5696Kb used=1265Kb max_used=1323Kb free=4430Kb
 bounds [0x000001b9b28c0000, 0x000001b9b2b30000, 0x000001b9b2e50000]
 total_blobs=6661 nmethods=6000 adapters=572
 compilation: enabled
              stopped_count=0, restarted_count=0
 full_count=0

Compilation events (10 events):
Event: 31.865 Thread 0x000001b9c7ee6800 6091       3       org.springframework.aop.support.StaticMethodMatcherPointcut::getMethodMatcher (2 bytes)
Event: 31.865 Thread 0x000001b9c7ee6800 nmethod 6091 0x000001b9b3c23a10 code [0x000001b9b3c23ba0, 0x000001b9b3c23c98]
Event: 31.866 Thread 0x000001b9c7ee6800 6093       3       java.lang.ThreadLocal$ThreadLocalMap::remove (68 bytes)
Event: 31.868 Thread 0x000001b9c7ee6800 nmethod 6093 0x000001b9b3c23d10 code [0x000001b9b3c23ee0, 0x000001b9b3c243e8]
Event: 31.868 Thread 0x000001b9c7ee6800 6092       3       java.lang.ThreadLocal::remove (18 bytes)
Event: 31.868 Thread 0x000001b9c7ee6800 nmethod 6092 0x000001b9b3c24610 code [0x000001b9b3c247c0, 0x000001b9b3c24a18]
Event: 31.876 Thread 0x000001b9c7ee6800 6095   !   3       org.springframework.aop.framework.autoproxy.BeanFactoryAdvisorRetrievalHelper::findAdvisorBeans (278 bytes)
Event: 31.882 Thread 0x000001b9c7ee6800 nmethod 6095 0x000001b9b3c24b10 code [0x000001b9b3c250e0, 0x000001b9b3c28698]
Event: 31.882 Thread 0x000001b9c7ee6800 6096       1       org.springframework.context.annotation.CommonAnnotationBeanPostProcessor::postProcessBeforeInstantiation (2 bytes)
Event: 31.882 Thread 0x000001b9c7ee6800 nmethod 6096 0x000001b9ba80ab10 code [0x000001b9ba80aca0, 0x000001b9ba80ad58]

GC Heap History (10 events):
Event: 21.531 GC heap before
{Heap before GC invocations=14 (full 0):
 garbage-first heap   total 118784K, used 86218K [0x00000000a1600000, 0x0000000100000000)
  region size 1024K, 67 young (68608K), 7 survivors (7168K)
 Metaspace       used 54592K, capacity 55994K, committed 56064K, reserved 1097728K
  class space    used 6761K, capacity 7355K, committed 7424K, reserved 1048576K
}
Event: 21.561 GC heap after
{Heap after GC invocations=15 (full 0):
 garbage-first heap   total 118784K, used 26768K [0x00000000a1600000, 0x0000000100000000)
  region size 1024K, 6 young (6144K), 6 survivors (6144K)
 Metaspace       used 54592K, capacity 55994K, committed 56064K, reserved 1097728K
  class space    used 6761K, capacity 7355K, committed 7424K, reserved 1048576K
}
Event: 23.972 GC heap before
{Heap before GC invocations=15 (full 0):
 garbage-first heap   total 118784K, used 88208K [0x00000000a1600000, 0x0000000100000000)
  region size 1024K, 66 young (67584K), 6 survivors (6144K)
 Metaspace       used 63460K, capacity 64983K, committed 65152K, reserved 1105920K
  class space    used 8146K, capacity 8751K, committed 8832K, reserved 1048576K
}
Event: 24.000 GC heap after
{Heap after GC invocations=16 (full 0):
 garbage-first heap   total 118784K, used 28672K [0x00000000a1600000, 0x0000000100000000)
  region size 1024K, 4 young (4096K), 4 survivors (4096K)
 Metaspace       used 63460K, capacity 64983K, committed 65152K, reserved 1105920K
  class space    used 8146K, capacity 8751K, committed 8832K, reserved 1048576K
}
Event: 24.320 GC heap before
{Heap before GC invocations=16 (full 0):
 garbage-first heap   total 118784K, used 36864K [0x00000000a1600000, 0x0000000100000000)
  region size 1024K, 13 young (13312K), 4 survivors (4096K)
 Metaspace       used 64820K, capacity 66300K, committed 66348K, reserved 1107968K
  class space    used 8334K, capacity 8954K, committed 8960K, reserved 1048576K
}
Event: 24.334 GC heap after
{Heap after GC invocations=17 (full 0):
 garbage-first heap   total 143360K, used 28672K [0x00000000a1600000, 0x0000000100000000)
  region size 1024K, 4 young (4096K), 4 survivors (4096K)
 Metaspace       used 64820K, capacity 66300K, committed 66348K, reserved 1107968K
  class space    used 8334K, capacity 8954K, committed 8960K, reserved 1048576K
}
Event: 27.577 GC heap before
{Heap before GC invocations=18 (full 0):
 garbage-first heap   total 143360K, used 91136K [0x00000000a1600000, 0x0000000100000000)
  region size 1024K, 65 young (66560K), 4 survivors (4096K)
 Metaspace       used 70121K, capacity 71837K, committed 72140K, reserved 1112064K
  class space    used 9080K, capacity 9797K, committed 9932K, reserved 1048576K
}
Event: 27.596 GC heap after
{Heap after GC invocations=19 (full 0):
 garbage-first heap   total 143360K, used 31198K [0x00000000a1600000, 0x0000000100000000)
  region size 1024K, 7 young (7168K), 7 survivors (7168K)
 Metaspace       used 70121K, capacity 71837K, committed 72140K, reserved 1112064K
  class space    used 9080K, capacity 9797K, committed 9932K, reserved 1048576K
}
Event: 30.248 GC heap before
{Heap before GC invocations=20 (full 0):
 garbage-first heap   total 143360K, used 94686K [0x00000000a1600000, 0x0000000100000000)
  region size 1024K, 69 young (70656K), 7 survivors (7168K)
 Metaspace       used 73734K, capacity 75571K, committed 75852K, reserved 1114112K
  class space    used 9530K, capacity 10290K, committed 10316K, reserved 1048576K
}
Event: 30.273 GC heap after
{Heap after GC invocations=21 (full 0):
 garbage-first heap   total 143360K, used 34842K [0x00000000a1600000, 0x0000000100000000)
  region size 1024K, 8 young (8192K), 8 survivors (8192K)
 Metaspace       used 73734K, capacity 75571K, committed 75852K, reserved 1114112K
  class space    used 9530K, capacity 10290K, committed 10316K, reserved 1048576K
}

Deoptimization events (10 events):
Event: 29.335 Thread 0x000001b9aa4ad800 Uncommon trap: reason=unstable_if action=reinterpret pc=0x000001b9ba524380 method=java.lang.Class.getComponentType()Ljava/lang/Class; @ 4 c2
Event: 29.353 Thread 0x000001b9aa4ad800 Uncommon trap: reason=unstable_if action=reinterpret pc=0x000001b9ba761ccc method=java.util.concurrent.ConcurrentHashMap.get(Ljava/lang/Object;)Ljava/lang/Object; @ 86 c2
Event: 29.587 Thread 0x000001b9aa4ad800 Uncommon trap: reason=speculate_class_check action=maybe_recompile pc=0x000001b9ba64fd34 method=jdk.internal.loader.Resource.getBytes()[B @ 10 c2
Event: 30.100 Thread 0x000001b9aa4ad800 Uncommon trap: reason=unstable_if action=reinterpret pc=0x000001b9ba7285b8 method=org.springframework.core.annotation.AnnotationsScanner.processClassHierarchy(Ljava/lang/Object;[ILjava/lang/Class;Lorg/springframework/core/annotation/AnnotationsProcessor;Z
Event: 30.310 Thread 0x000001b9aa4ad800 Uncommon trap: reason=unstable_if action=reinterpret pc=0x000001b9ba479b08 method=org.springframework.util.ObjectUtils.nullSafeEquals(Ljava/lang/Object;Ljava/lang/Object;)Z @ 12 c2
Event: 31.553 Thread 0x000001b9aa4ad800 Uncommon trap: reason=unstable_if action=reinterpret pc=0x000001b9ba407d04 method=java.util.Properties$LineReader.readLine()I @ 117 c2
Event: 31.556 Thread 0x000001b9aa4ad800 Uncommon trap: reason=unstable_if action=reinterpret pc=0x000001b9ba501c3c method=java.nio.Buffer.position(I)Ljava/nio/Buffer; @ 37 c2
Event: 31.560 Thread 0x000001b9aa4ad800 Uncommon trap: reason=unstable_if action=reinterpret pc=0x000001b9ba462dbc method=java.nio.Buffer.position(I)Ljava/nio/Buffer; @ 37 c2
Event: 31.575 Thread 0x000001b9aa4ad800 Uncommon trap: reason=unstable_if action=reinterpret pc=0x000001b9ba6f3798 method=java.io.WinNTFileSystem.resolve(Ljava/lang/String;Ljava/lang/String;)Ljava/lang/String; @ 156 c2
Event: 31.575 Thread 0x000001b9aa4ad800 Uncommon trap: reason=unstable_if action=reinterpret pc=0x000001b9ba480550 method=java.io.WinNTFileSystem.prefixLength(Ljava/lang/String;)I @ 42 c2

Classes redefined (0 events):
No events

Internal exceptions (10 events):
Event: 31.850 Thread 0x000001b9aa4ad800 Exception <a 'java/lang/ClassNotFoundException'{0x00000000a7a7f600}: java/lang/ObjectCustomizer> (0x00000000a7a7f600) thrown at [./open/src/hotspot/share/classfile/systemDictionary.cpp, line 228]
Event: 31.853 Thread 0x000001b9aa4ad800 Exception <a 'java/lang/ClassNotFoundException'{0x00000000a7aaa1e8}: org/springframework/boot/autoconfigure/web/servlet/TomcatServletWebServerFactoryCustomizerCustomizer> (0x00000000a7aaa1e8) thrown at [./open/src/hotspot/share/classfile/systemDictionary.
Event: 31.855 Thread 0x000001b9aa4ad800 Exception <a 'java/lang/ClassNotFoundException'{0x00000000a7acecb0}: org/springframework/boot/web/server/WebServerFactoryCustomizerCustomizer> (0x00000000a7acecb0) thrown at [./open/src/hotspot/share/classfile/systemDictionary.cpp, line 228]
Event: 31.857 Thread 0x000001b9aa4ad800 Exception <a 'java/lang/ClassNotFoundException'{0x00000000a7ae81d0}: org/springframework/core/OrderedCustomizer> (0x00000000a7ae81d0) thrown at [./open/src/hotspot/share/classfile/systemDictionary.cpp, line 228]
Event: 31.858 Thread 0x000001b9aa4ad800 Exception <a 'java/lang/ClassNotFoundException'{0x00000000a7af51c8}: java/lang/ObjectCustomizer> (0x00000000a7af51c8) thrown at [./open/src/hotspot/share/classfile/systemDictionary.cpp, line 228]
Event: 31.864 Thread 0x000001b9aa4ad800 Exception <a 'java/lang/ClassNotFoundException'{0x00000000a792e498}: org/springframework/boot/autoconfigure/web/embedded/EmbeddedWebServerFactoryCustomizerAutoConfiguration$TomcatWebServerFactoryCustomizerConfigurationCustomizer> (0x00000000a792e498) thro
Event: 31.870 Thread 0x000001b9aa4ad800 Exception <a 'java/lang/ClassNotFoundException'{0x00000000a7942ae8}: java/lang/ObjectCustomizer> (0x00000000a7942ae8) thrown at [./open/src/hotspot/share/classfile/systemDictionary.cpp, line 228]
Event: 31.872 Thread 0x000001b9aa4ad800 Exception <a 'java/lang/ClassNotFoundException'{0x00000000a796ba80}: org/springframework/boot/autoconfigure/web/embedded/TomcatWebServerFactoryCustomizerCustomizer> (0x00000000a796ba80) thrown at [./open/src/hotspot/share/classfile/systemDictionary.cpp, l
Event: 31.874 Thread 0x000001b9aa4ad800 Exception <a 'java/lang/ClassNotFoundException'{0x00000000a7990718}: org/springframework/boot/web/server/WebServerFactoryCustomizerCustomizer> (0x00000000a7990718) thrown at [./open/src/hotspot/share/classfile/systemDictionary.cpp, line 228]
Event: 31.875 Thread 0x000001b9aa4ad800 Exception <a 'java/lang/ClassNotFoundException'{0x00000000a79a9c38}: org/springframework/core/OrderedCustomizer> (0x00000000a79a9c38) thrown at [./open/src/hotspot/share/classfile/systemDictionary.cpp, line 228]

Events (10 events):
Event: 31.873 loading class org/springframework/boot/web/server/WebServerFactoryCustomizerCustomizer
Event: 31.873 loading class org/springframework/boot/web/server/WebServerFactoryCustomizerCustomizer done
Event: 31.874 loading class org/springframework/boot/web/server/WebServerFactoryCustomizerCustomizer
Event: 31.874 loading class org/springframework/boot/web/server/WebServerFactoryCustomizerCustomizer done
Event: 31.874 loading class org/springframework/core/OrderedCustomizer
Event: 31.874 loading class org/springframework/core/OrderedCustomizer done
Event: 31.875 loading class org/springframework/core/OrderedCustomizer
Event: 31.875 loading class org/springframework/core/OrderedCustomizer done
Event: 31.875 loading class org/springframework/core/OrderedCustomizer
Event: 31.875 loading class org/springframework/core/OrderedCustomizer done


Dynamic libraries:
0x00007ff6fb5f0000 - 0x00007ff6fb5ff000 	C:\Program Files\Java\jdk-11.0.11\bin\java.exe
0x00007ffdb6950000 - 0x00007ffdb6b45000 	C:\WINDOWS\SYSTEM32\ntdll.dll
0x00007ffdb6840000 - 0x00007ffdb68fd000 	C:\WINDOWS\System32\KERNEL32.DLL
0x00007ffdb41b0000 - 0x00007ffdb4479000 	C:\WINDOWS\System32\KERNELBASE.dll
0x00007ffdb47d0000 - 0x00007ffdb48d0000 	C:\WINDOWS\System32\ucrtbase.dll
0x00007ffd98140000 - 0x00007ffd98158000 	C:\Program Files\Java\jdk-11.0.11\bin\jli.dll
0x00007ffdb5340000 - 0x00007ffdb53ec000 	C:\WINDOWS\System32\ADVAPI32.dll
0x00007ffdb5fa0000 - 0x00007ffdb603e000 	C:\WINDOWS\System32\msvcrt.dll
0x00007ffdb5d50000 - 0x00007ffdb5deb000 	C:\WINDOWS\System32\sechost.dll
0x00007ffdb6080000 - 0x00007ffdb61aa000 	C:\WINDOWS\System32\RPCRT4.dll
0x00007ffdb5b40000 - 0x00007ffdb5ce0000 	C:\WINDOWS\System32\USER32.dll
0x00007ffdb48d0000 - 0x00007ffdb48f2000 	C:\WINDOWS\System32\win32u.dll
0x00007ffdb6040000 - 0x00007ffdb606a000 	C:\WINDOWS\System32\GDI32.dll
0x00007ffdb4640000 - 0x00007ffdb474b000 	C:\WINDOWS\System32\gdi32full.dll
0x00007ffdb4900000 - 0x00007ffdb499d000 	C:\WINDOWS\System32\msvcp_win.dll
0x00007ffdaa070000 - 0x00007ffdaa30a000 	C:\WINDOWS\WinSxS\amd64_microsoft.windows.common-controls_6595b64144ccf1df_6.0.19041.1110_none_60b5254171f9507e\COMCTL32.dll
0x00007ffdb3aa0000 - 0x00007ffdb3aaa000 	C:\WINDOWS\SYSTEM32\VERSION.dll
0x00007ffd97710000 - 0x00007ffd97725000 	C:\Program Files\Java\jdk-11.0.11\bin\VCRUNTIME140.dll
0x00007ffdb50e0000 - 0x00007ffdb5110000 	C:\WINDOWS\System32\IMM32.DLL
0x00007ffdb3a60000 - 0x00007ffdb3a96000 	C:\WINDOWS\system32\DriverStore\FileRepository\nvami.inf_amd64_1474122a0ce2f241\nvinitx.dll
0x00007ffdb49a0000 - 0x00007ffdb50df000 	C:\WINDOWS\System32\Shell32.dll
0x00007ffdb20a0000 - 0x00007ffdb2830000 	C:\WINDOWS\SYSTEM32\windows.storage.dll
0x00007ffdb57e0000 - 0x00007ffdb5b35000 	C:\WINDOWS\System32\combase.dll
0x00007ffdb39c0000 - 0x00007ffdb39ec000 	C:\WINDOWS\SYSTEM32\Wldp.dll
0x00007ffdb5df0000 - 0x00007ffdb5e9e000 	C:\WINDOWS\System32\SHCORE.dll
0x00007ffdb5480000 - 0x00007ffdb54d5000 	C:\WINDOWS\System32\shlwapi.dll
0x000000005d1c0000 - 0x000000005d1c6000 	C:\Program Files\NVIDIA Corporation\CoProcManager\_etoured.dll
0x00007ffda34f0000 - 0x00007ffda3533000 	C:\Program Files\NVIDIA Corporation\CoProcManager\nvd3d9wrapx.dll
0x00007ffdb61b0000 - 0x00007ffdb6622000 	C:\WINDOWS\System32\SETUPAPI.dll
0x00007ffdb4780000 - 0x00007ffdb47ce000 	C:\WINDOWS\System32\cfgmgr32.dll
0x00007ffdb4750000 - 0x00007ffdb4777000 	C:\WINDOWS\System32\bcrypt.dll
0x00007ffda4dc0000 - 0x00007ffda4ded000 	C:\Program Files\NVIDIA Corporation\CoProcManager\nvdxgiwrapx.dll
0x00007ffd8f180000 - 0x00007ffd8f21b000 	C:\Program Files\Java\jdk-11.0.11\bin\msvcp140.dll
0x00007ffd71180000 - 0x00007ffd71c7e000 	C:\Program Files\Java\jdk-11.0.11\bin\server\jvm.dll
0x00007ffdb5ea0000 - 0x00007ffdb5ea8000 	C:\WINDOWS\System32\PSAPI.DLL
0x00007ffda8a10000 - 0x00007ffda8a19000 	C:\WINDOWS\SYSTEM32\WSOCK32.dll
0x00007ffdb5ce0000 - 0x00007ffdb5d4b000 	C:\WINDOWS\System32\WS2_32.dll
0x00007ffda9bd0000 - 0x00007ffda9bf7000 	C:\WINDOWS\SYSTEM32\WINMM.dll
0x00007ffdb3750000 - 0x00007ffdb3785000 	C:\Program Files (x86)\InfoTeCS\ViPNet CSP\itccspks64.dll
0x00007ffdb1ea0000 - 0x00007ffdb1eb2000 	C:\WINDOWS\SYSTEM32\kernel.appcore.dll
0x00007ffda6120000 - 0x00007ffda6130000 	C:\Program Files\Java\jdk-11.0.11\bin\verify.dll
0x00007ffda8ee0000 - 0x00007ffda90c4000 	C:\WINDOWS\SYSTEM32\DBGHELP.DLL
0x00007ffda8e00000 - 0x00007ffda8e2c000 	C:\WINDOWS\SYSTEM32\dbgcore.DLL
0x00007ffdb4070000 - 0x00007ffdb40f3000 	C:\WINDOWS\System32\bcryptPrimitives.dll
0x00007ffd94260000 - 0x00007ffd94288000 	C:\Program Files\Java\jdk-11.0.11\bin\java.dll
0x00007ffda6100000 - 0x00007ffda610a000 	C:\Program Files\Java\jdk-11.0.11\bin\jimage.dll
0x00007ffda34a0000 - 0x00007ffda34ae000 	C:\Program Files\Java\jdk-11.0.11\bin\instrument.dll
0x00007ffd8fda0000 - 0x00007ffd8fdb6000 	C:\Program Files\Java\jdk-11.0.11\bin\zip.dll
0x00007ffdb3fb0000 - 0x00007ffdb3fcf000 	C:\WINDOWS\SYSTEM32\profapi.dll
0x00007ffd8fd80000 - 0x00007ffd8fd99000 	C:\Program Files\Java\jdk-11.0.11\bin\net.dll
0x00007ffdabdf0000 - 0x00007ffdabef8000 	C:\WINDOWS\SYSTEM32\WINHTTP.dll
0x00007ffdb3680000 - 0x00007ffdb36ea000 	C:\WINDOWS\system32\mswsock.dll
0x00007ffd8f020000 - 0x00007ffd8f032000 	C:\Program Files\Java\jdk-11.0.11\bin\nio.dll
0x00007ffd8ef20000 - 0x00007ffd8ef3a000 	C:\Program Files\JetBrains\IntelliJ IDEA 2021.2\bin\breakgen64.dll
0x00007ffdb3370000 - 0x00007ffdb33ab000 	C:\WINDOWS\SYSTEM32\IPHLPAPI.DLL
0x00007ffdb53f0000 - 0x00007ffdb53f8000 	C:\WINDOWS\System32\NSI.dll
0x00007ffdac710000 - 0x00007ffdac727000 	C:\WINDOWS\SYSTEM32\dhcpcsvc6.DLL
0x00007ffdad070000 - 0x00007ffdad08d000 	C:\WINDOWS\SYSTEM32\dhcpcsvc.DLL
0x00007ffdb33b0000 - 0x00007ffdb347c000 	C:\WINDOWS\SYSTEM32\DNSAPI.dll
0x00007ffdabdd0000 - 0x00007ffdabdda000 	C:\Windows\System32\rasadhlp.dll
0x00007ffdabf00000 - 0x00007ffdabf7f000 	C:\WINDOWS\System32\fwpuclnt.dll
0x00007ffda3f70000 - 0x00007ffda3f79000 	C:\Program Files\Java\jdk-11.0.11\bin\management.dll
0x00007ffda3f20000 - 0x00007ffda3f2b000 	C:\Program Files\Java\jdk-11.0.11\bin\management_ext.dll
0x00007ffda1f20000 - 0x00007ffda1f37000 	C:\WINDOWS\system32\napinsp.dll
0x00007ffda1cd0000 - 0x00007ffda1ceb000 	C:\WINDOWS\system32\pnrpnsp.dll
0x00007ffda1f80000 - 0x00007ffda1f95000 	C:\WINDOWS\system32\wshbth.dll
0x00007ffdafd90000 - 0x00007ffdafdad000 	C:\WINDOWS\system32\NLAapi.dll
0x00007ffda02d0000 - 0x00007ffda02e2000 	C:\WINDOWS\System32\winrnr.dll
0x00007ffdb38b0000 - 0x00007ffdb38c8000 	C:\WINDOWS\SYSTEM32\CRYPTSP.dll
0x00007ffdb3ab0000 - 0x00007ffdb3af3000 	C:\Program Files (x86)\InfoTeCS\ViPNet CSP\Itccspbs64.Dll
0x00007ffdb3000000 - 0x00007ffdb3034000 	C:\WINDOWS\system32\rsaenh.dll
0x00007ffdb3f70000 - 0x00007ffdb3f9e000 	C:\WINDOWS\SYSTEM32\USERENV.dll
0x000001b9aa360000 - 0x000001b9aa36c000 	C:\WINDOWS\SYSTEM32\CRYPTBASE.dll

dbghelp: loaded successfully - version: 4.0.5 - missing functions: none
symbol engine: initialized successfully - sym options: 0x614 - pdb path: .;C:\Program Files\Java\jdk-11.0.11\bin;C:\WINDOWS\SYSTEM32;C:\WINDOWS\WinSxS\amd64_microsoft.windows.common-controls_6595b64144ccf1df_6.0.19041.1110_none_60b5254171f9507e;C:\WINDOWS\system32\DriverStore\FileRepository\nvami.inf_amd64_1474122a0ce2f241;C:\Program Files\NVIDIA Corporation\CoProcManager;C:\Program Files\Java\jdk-11.0.11\bin\server;C:\Program Files (x86)\InfoTeCS\ViPNet CSP;C:\Program Files\JetBrains\IntelliJ IDEA 2021.2\bin

VM Arguments:
jvm_args: -ea -Didea.test.cyclic.buffer.size=1048576 -javaagent:C:\Program Files\JetBrains\IntelliJ IDEA 2021.2\lib\idea_rt.jar=60466:C:\Program Files\JetBrains\IntelliJ IDEA 2021.2\bin -Dfile.encoding=UTF-8 
java_command: com.intellij.rt.junit.JUnitStarter -ideVersion5 -junit5 ru.garant21.products.tests.ControllerTest,getProductTest
java_class_path (initial): C:\Program Files\JetBrains\IntelliJ IDEA 2021.2\lib\idea_rt.jar;C:\Users\Jackson\.m2\repository\org\junit\platform\junit-platform-launcher\1.7.2\junit-platform-launcher-1.7.2.jar;C:\Program Files\JetBrains\IntelliJ IDEA 2021.2\plugins\junit\lib\junit5-rt.jar;C:\Program Files\JetBrains\IntelliJ IDEA 2021.2\plugins\junit\lib\junit-rt.jar;D:\GeekBrains\shop\ms-products\target\test-classes;D:\GeekBrains\shop\ms-products\target\classes;D:\GeekBrains\shop\core-lib\target\classes;C:\Users\Jackson\.m2\repository\org\springframework\boot\spring-boot-starter-web\2.5.3\spring-boot-starter-web-2.5.3.jar;C:\Users\Jackson\.m2\repository\org\springframework\boot\spring-boot-starter\2.5.3\spring-boot-starter-2.5.3.jar;C:\Users\Jackson\.m2\repository\org\springframework\boot\spring-boot\2.5.3\spring-boot-2.5.3.jar;C:\Users\Jackson\.m2\repository\org\springframework\boot\spring-boot-autoconfigure\2.5.3\spring-boot-autoconfigure-2.5.3.jar;C:\Users\Jackson\.m2\repository\org\springframework\boot\spring-boot-starter-logging\2.5.3\spring-boot-starter-logging-2.5.3.jar;C:\Users\Jackson\.m2\repository\ch\qos\logback\logback-classic\1.2.4\logback-classic-1.2.4.jar;C:\Users\Jackson\.m2\repository\ch\qos\logback\logback-core\1.2.4\logback-core-1.2.4.jar;C:\Users\Jackson\.m2\repository\org\apache\logging\log4j\log4j-to-slf4j\2.14.1\log4j-to-slf4j-2.14.1.jar;C:\Users\Jackson\.m2\repository\org\apache\logging\log4j\log4j-api\2.14.1\log4j-api-2.14.1.jar;C:\Users\Jackson\.m2\repository\org\slf4j\jul-to-slf4j\1.7.32\jul-to-slf4j-1.7.32.jar;C:\Users\Jackson\.m2\repository\jakarta\annotation\jakarta.annotation-api\1.3.5\jakarta.annotation-api-1.3.5.jar;C:\Users\Jackson\.m2\repository\org\yaml\snakeyaml\1.28\snakeyaml-1.28.jar;C:\Users\Jackson\.m2\repository\org\springframework\boot\spring-boot-starter-json\2.5.3\spring-boot-starter-json-2.5.3.jar;C:\Users\Jackson\.m2\repository\com\fasterxml\jackson\datatype\jackson-datatype-jdk8\2.12.4\jackson-datatype-jdk8-2.12.4.jar;C:
Launcher Type: SUN_STANDARD

[Global flags]
     intx CICompilerCount                          = 3                                         {product} {ergonomic}
     uint ConcGCThreads                            = 1                                         {product} {ergonomic}
     uint G1ConcRefinementThreads                  = 4                                         {product} {ergonomic}
   size_t G1HeapRegionSize                         = 1048576                                   {product} {ergonomic}
    uintx GCDrainStackTargetSize                   = 64                                        {product} {ergonomic}
   size_t InitialHeapSize                          = 100663296                                 {product} {ergonomic}
   size_t MarkStackSize                            = 4194304                                   {product} {ergonomic}
   size_t MaxHeapSize                              = 1587544064                                {product} {ergonomic}
   size_t MaxNewSize                               = 952107008                                 {product} {ergonomic}
   size_t MinHeapDeltaBytes                        = 1048576                                   {product} {ergonomic}
    uintx NonNMethodCodeHeapSize                   = 5830732                                {pd product} {ergonomic}
    uintx NonProfiledCodeHeapSize                  = 122913754                              {pd product} {ergonomic}
    uintx ProfiledCodeHeapSize                     = 122913754                              {pd product} {ergonomic}
    uintx ReservedCodeCacheSize                    = 251658240                              {pd product} {ergonomic}
     bool SegmentedCodeCache                       = true                                      {product} {ergonomic}
     bool UseCompressedClassPointers               = true                                 {lp64_product} {ergonomic}
     bool UseCompressedOops                        = true                                 {lp64_product} {ergonomic}
     bool UseG1GC                                  = true                                      {product} {ergonomic}
     bool UseLargePagesIndividualAllocation        = false                                  {pd product} {ergonomic}

Logging:
Log output configuration:
 #0: stdout all=warning uptime,level,tags
 #1: stderr all=off uptime,level,tags

Environment Variables:
PATH=C:\Program Files\Amazon Corretto\jdk11.0.12_7\bin;C:\Program Files\Common Files\Oracle\Java\javapath;C:\Program Files (x86)\Common Files\Oracle\Java\javapath;C:\WINDOWS\system32;C:\WINDOWS;C:\WINDOWS\System32\Wbem;C:\WINDOWS\System32\WindowsPowerShell\v1.0\;C:\WINDOWS\System32\OpenSSH\;C:\Program Files\Git\cmd;C:\Program Files (x86)\NVIDIA Corporation\PhysX\Common;C:\Program Files\MySQL\MySQL Utilities 1.6\;C:\Program Files\WIDCOMM\Bluetooth Software\;C:\Program Files\WIDCOMM\Bluetooth Software\syswow64;C:\ProgramData\chocolatey\bin;C:\Program Files\MySQL\MySQL Shell 8.0\bin\;C:\Users\Jackson\AppData\Local\Microsoft\WindowsApps;;C:\Users\Jackson\AppData\Local\Programs\Microsoft VS Code\bin
USERNAME=Jackson
OS=Windows_NT
PROCESSOR_IDENTIFIER=Intel64 Family 6 Model 42 Stepping 7, GenuineIntel



---------------  S Y S T E M  ---------------

OS: Windows 10 , 64 bit Build 19041 (10.0.19041.1151)

CPU:total 4 (initial active 4) (2 cores per cpu, 2 threads per core) family 6 model 42 stepping 7 microcode 0x2f, cmov, cx8, fxsr, mmx, sse, sse2, sse3, ssse3, sse4.1, sse4.2, popcnt, avx, aes, clmul, ht, tsc, tscinvbit

Memory: 4k page, system-wide physical 6055M (459M free)
TotalPageFile size 15097M (AvailPageFile size 4399M)
current process WorkingSet (physical memory assigned to process): 332M, peak: 355M
current process commit charge ("private bytes"): 376M, peak: 397M

vm_info: Java HotSpot(TM) 64-Bit Server VM (11.0.11+9-LTS-194) for windows-amd64 JRE (11.0.11+9-LTS-194), built on Mar 18 2021 18:46:53 by "mach5one" with MS VC++ 15.9 (VS2017)

END.
